2016-09-22 20:31:51.0792 [info] ik (ik.lua:18) start iolua make system ...
2016-09-22 20:31:51.0800 [info] ik (config.lua:18) current_dir: 'C:\Users\yayan'
2016-09-22 20:31:51.0801 [info] ik (config.lua:18) cached_dir: 'C:\Users\yayan\.iolua'
2016-09-22 20:31:51.0801 [info] ik (config.lua:18) log_dir: 'C:\Users\yayan\.iolua'
2016-09-22 20:32:24.0331 [info] ik (ik.lua:18) start iolua make system ...
2016-09-22 20:32:24.0342 [info] ik (config.lua:18) current_dir: 'C:\Users\yayan'
2016-09-22 20:32:24.0343 [info] ik (config.lua:18) cached_dir: 'C:\Users\yayan\.iolua'
2016-09-22 20:32:24.0344 [info] ik (config.lua:18) log_dir: 'C:\Users\yayan\.iolua'
2016-09-22 20:32:50.0602 [info] ik (ik.lua:18) start iolua make system ...
2016-09-22 20:32:50.0618 [info] ik (config.lua:18) current_dir: 'C:\Users\yayan'
2016-09-22 20:32:50.0619 [info] ik (config.lua:18) log_dir: 'C:\Users\yayan\.iolua'
2016-09-22 20:32:50.0620 [info] ik (config.lua:18) cached_dir: 'C:\Users\yayan\.iolua'
2016-09-22 20:32:58.0071 [info] ik (ik.lua:18) start iolua make system ...
2016-09-22 20:32:58.0078 [info] ik (config.lua:18) log_dir: 'C:\Users\yayan\.iolua'
2016-09-22 20:32:58.0079 [info] ik (config.lua:18) cached_dir: 'C:\Users\yayan\.iolua'
2016-09-22 20:32:58.0079 [info] ik (config.lua:18) current_dir: 'C:\Users\yayan'
2016-09-22 20:41:12.0326 [info] ik (ik.lua:18) start iolua make system ...
2016-09-22 20:41:12.0335 [info] ik (config.lua:18) cached_dir: 'D:\workspace\iolua\.iolua'
2016-09-22 20:41:12.0336 [info] ik (config.lua:18) current_dir: 'D:\workspace\iolua'
2016-09-22 20:41:12.0337 [info] ik (config.lua:18) log_dir: 'D:\workspace\iolua\.iolua'
2016-09-22 20:41:12.0343 [info] ik (config.lua:18) cached_dir: 'D:\workspace\iolua\.iolua'
2016-09-22 20:41:12.0343 [info] ik (config.lua:18) log_dir: 'D:\workspace\iolua\.iolua'
2016-09-22 20:41:12.0344 [info] ik (config.lua:18) current_dir: 'D:\workspace\iolua'
2016-09-22 20:42:05.0914 [info] ik (ik.lua:18) start iolua make system ...
2016-09-22 20:42:05.0926 [info] ik (config.lua:18) current_dir: 'D:\workspace\iolua'
2016-09-22 20:42:05.0927 [info] ik (config.lua:18) cached_dir: 'D:\workspace\iolua\.iolua'
2016-09-22 20:42:05.0928 [info] ik (config.lua:18) log_dir: 'D:\workspace\iolua\.iolua'
2016-09-22 20:42:05.0937 [info] ik (config.lua:18) current_dir: 'D:\workspace\iolua'
2016-09-22 20:42:05.0938 [info] ik (config.lua:18) log_dir: 'D:\workspace\iolua\.iolua'
2016-09-22 20:42:05.0939 [info] ik (config.lua:18) cached_dir: 'D:\workspace\iolua\.iolua'
2016-09-22 20:42:10.0994 [info] ik (ik.lua:18) start iolua make system ...
2016-09-22 20:42:11.0004 [info] ik (config.lua:18) log_dir: 'D:\workspace\iolua\.iolua'
2016-09-22 20:42:11.0005 [info] ik (config.lua:18) cached_dir: 'D:\workspace\iolua\.iolua'
2016-09-22 20:42:11.0006 [info] ik (config.lua:18) current_dir: 'D:\workspace\iolua'
2016-09-22 20:42:11.0011 [info] ik (config.lua:18) current_dir: 'D:\workspace\iolua'
2016-09-22 20:42:11.0011 [info] ik (config.lua:18) log_dir: 'D:\workspace\iolua\.iolua'
2016-09-22 20:42:11.0012 [info] ik (config.lua:18) cached_dir: 'D:\workspace\iolua\.iolua'
2016-09-22 20:42:15.0807 [info] ik (ik.lua:18) start iolua make system ...
2016-09-22 20:42:15.0817 [info] ik (config.lua:18) current_dir: 'D:\workspace\iolua'
2016-09-22 20:42:15.0817 [info] ik (config.lua:18) cached_dir: 'D:\workspace\iolua\.iolua'
2016-09-22 20:42:15.0819 [info] ik (config.lua:18) log_dir: 'D:\workspace\iolua\.iolua'
2016-09-22 20:42:15.0826 [info] ik (config.lua:18) cached_dir: 'D:\workspace\iolua\.iolua'
2016-09-22 20:42:15.0826 [info] ik (config.lua:18) current_dir: 'D:\workspace\iolua'
2016-09-22 20:42:15.0827 [info] ik (config.lua:18) log_dir: 'D:\workspace\iolua\.iolua'
2016-09-22 20:43:18.0705 [info] ik (ik.lua:18) start iolua make system ...
2016-09-22 20:43:18.0714 [info] ik (config.lua:18) log_dir: 'D:\workspace\iolua\.iolua'
2016-09-22 20:43:18.0714 [info] ik (config.lua:18) cached_dir: 'D:\workspace\iolua\.iolua'
2016-09-22 20:43:18.0716 [info] ik (config.lua:18) current_dir: 'D:\workspace\iolua'
2016-09-22 20:43:18.0723 [info] ik (config.lua:18) log_dir: 'D:\workspace\iolua\.iolua'
2016-09-22 20:43:18.0724 [info] ik (config.lua:18) cached_dir: 'D:\workspace\iolua\.iolua'
2016-09-22 20:43:18.0724 [info] ik (config.lua:18) current_dir: 'D:\workspace\iolua'
2016-09-22 20:43:56.0980 [info] ik (ik.lua:18) start iolua make system ...
2016-09-22 20:43:56.0992 [info] ik (config.lua:18) log_dir: 'D:\workspace\iolua\.iolua'
2016-09-22 20:43:56.0993 [info] ik (config.lua:18) current_dir: 'D:\workspace\iolua'
2016-09-22 20:43:56.0994 [info] ik (config.lua:18) cached_dir: 'D:\workspace\iolua\.iolua'
2016-09-22 20:44:18.0005 [info] ik (ik.lua:18) start iolua make system ...
2016-09-22 20:44:18.0017 [info] ik (config.lua:18) cached_dir: 'D:\workspace\iolua\.iolua'
2016-09-22 20:44:18.0018 [info] ik (config.lua:18) current_dir: 'D:\workspace\iolua'
2016-09-22 20:44:18.0020 [info] ik (config.lua:18) log_dir: 'D:\workspace\iolua\.iolua'
2016-09-22 20:44:18.0028 [info] ik (config.lua:18) log_dir: 'D:\workspace\iolua\.iolua'
2016-09-22 20:44:18.0029 [info] ik (config.lua:18) cached_dir: 'D:\workspace\iolua\.iolua'
2016-09-22 20:44:18.0030 [info] ik (config.lua:18) current_dir: 'D:\workspace\iolua'
2016-09-22 20:44:42.0246 [info] ik (ik.lua:18) start iolua make system ...
2016-09-22 20:44:42.0257 [info] ik (config.lua:18) log_dir: 'D:\workspace\iolua\.iolua'
2016-09-22 20:44:42.0257 [info] ik (config.lua:18) cached_dir: 'D:\workspace\iolua\.iolua'
2016-09-22 20:44:42.0258 [info] ik (config.lua:18) current_dir: 'D:\workspace\iolua'
2016-09-22 20:44:42.0267 [info] ik (config.lua:18) cached_dir: 'D:\workspace\iolua\.iolua'
2016-09-22 20:44:42.0267 [info] ik (config.lua:18) current_dir: 'D:\workspace\iolua'
2016-09-22 20:44:42.0270 [info] ik (config.lua:18) log_dir: 'D:\workspace\iolua\.iolua'
2016-09-22 20:45:06.0670 [info] ik (ik.lua:18) start iolua make system ...
2016-09-22 20:45:06.0679 [info] ik (config.lua:18) current_dir: 'D:\workspace\iolua'
2016-09-22 20:45:06.0680 [info] ik (config.lua:18) log_dir: 'D:\workspace\iolua\.iolua'
2016-09-22 20:45:06.0681 [info] ik (config.lua:18) cached_dir: 'D:\workspace\iolua\.iolua'
2016-09-22 20:45:06.0687 [info] ik (config.lua:18) current_dir: 'D:\workspace\iolua'
2016-09-22 20:45:06.0688 [info] ik (config.lua:18) cached_dir: 'D:\workspace\iolua\.iolua'
2016-09-22 20:45:06.0689 [info] ik (config.lua:18) log_dir: 'D:\workspace\iolua\.iolua'
2016-09-22 20:52:23.0004 [info] ik (ik.lua:18) start iolua make system ...
2016-09-22 20:52:23.0013 [info] ik (config.lua:18) cached_dir: 'D:\workspace\iolua\.iolua'
2016-09-22 20:52:23.0013 [info] ik (config.lua:18) current_dir: 'D:\workspace\iolua'
2016-09-22 20:52:23.0014 [info] ik (config.lua:18) log_dir: 'D:\workspace\iolua\.iolua'
2016-09-22 20:52:23.0020 [info] ik (config.lua:18) log_dir: 'D:\workspace\iolua\.iolua'
2016-09-22 20:52:23.0021 [info] ik (config.lua:18) current_dir: 'D:\workspace\iolua'
2016-09-22 20:52:23.0022 [info] ik (config.lua:18) cached_dir: 'D:\workspace\iolua\.iolua'
2016-09-22 20:53:13.0574 [info] ik (ik.lua:18) start iolua make system ...
2016-09-22 20:53:13.0585 [info] ik (config.lua:18) current_dir: 'D:\workspace\iolua'
2016-09-22 20:53:13.0586 [info] ik (config.lua:18) cached_dir: 'D:\workspace\iolua\.iolua'
2016-09-22 20:53:13.0587 [info] ik (config.lua:18) log_dir: 'D:\workspace\iolua\.iolua'
2016-09-22 20:53:13.0599 [info] ik (config.lua:18) cached_dir: 'D:\workspace\iolua\.iolua'
2016-09-22 20:53:13.0600 [info] ik (config.lua:18) log_dir: 'D:\workspace\iolua\.iolua'
2016-09-22 20:53:13.0601 [info] ik (config.lua:18) current_dir: 'D:\workspace\iolua'
2016-09-22 20:53:29.0339 [info] ik (ik.lua:18) start iolua make system ...
2016-09-22 20:53:29.0346 [info] ik (config.lua:18) cached_dir: 'D:\workspace\iolua\.iolua'
2016-09-22 20:53:29.0347 [info] ik (config.lua:18) current_dir: 'D:\workspace\iolua'
2016-09-22 20:53:29.0348 [info] ik (config.lua:18) log_dir: 'D:\workspace\iolua\.iolua'
2016-09-22 20:53:29.0355 [info] ik (config.lua:18) log_dir: 'D:\workspace\iolua\.iolua'
2016-09-22 20:53:29.0355 [info] ik (config.lua:18) cached_dir: 'D:\workspace\iolua\.iolua'
2016-09-22 20:53:29.0356 [info] ik (config.lua:18) current_dir: 'D:\workspace\iolua'
2016-09-22 20:58:14.0784 [info] ik (ik.lua:18) start iolua make system ...
2016-09-22 20:58:14.0796 [info] ik (config.lua:18) current_dir: 'D:\workspace\iolua'
2016-09-22 20:58:14.0796 [info] ik (config.lua:18) log_dir: 'D:\workspace\iolua\.iolua'
2016-09-22 20:58:14.0797 [info] ik (config.lua:18) cached_dir: 'D:\workspace\iolua\.iolua'
2016-09-22 20:58:14.0803 [info] ik (config.lua:18) log_dir: 'D:\workspace\iolua\.iolua'
2016-09-22 20:58:14.0804 [info] ik (config.lua:18) current_dir: 'D:\workspace\iolua'
2016-09-22 20:58:14.0804 [info] ik (config.lua:18) cached_dir: 'D:\workspace\iolua\.iolua'
2016-09-22 20:58:33.0448 [info] ik (ik.lua:18) start iolua make system ...
2016-09-22 20:58:33.0460 [info] ik (config.lua:18) log_dir: 'D:\workspace\iolua\.iolua'
2016-09-22 20:58:33.0460 [info] ik (config.lua:18) cached_dir: 'D:\workspace\iolua\.iolua'
2016-09-22 20:58:33.0462 [info] ik (config.lua:18) current_dir: 'D:\workspace\iolua'
2016-09-22 20:58:33.0470 [info] ik (config.lua:18) cached_dir: 'D:\workspace\iolua\.iolua'
2016-09-22 20:58:33.0470 [info] ik (config.lua:18) log_dir: 'D:\workspace\iolua\.iolua'
2016-09-22 20:58:33.0471 [info] ik (config.lua:18) current_dir: 'D:\workspace\iolua'
2016-09-22 20:59:23.0200 [info] ik (ik.lua:18) start iolua make system ...
2016-09-22 20:59:23.0211 [info] ik (config.lua:18) cached_dir: 'D:\workspace\iolua\.iolua'
2016-09-22 20:59:23.0211 [info] ik (config.lua:18) current_dir: 'D:\workspace\iolua'
2016-09-22 20:59:23.0212 [info] ik (config.lua:18) log_dir: 'D:\workspace\iolua\.iolua'
2016-09-22 20:59:23.0220 [info] ik (config.lua:18) log_dir: 'D:\workspace\iolua\.iolua'
2016-09-22 20:59:23.0222 [info] ik (config.lua:18) cached_dir: 'D:\workspace\iolua\.iolua'
2016-09-22 20:59:23.0223 [info] ik (config.lua:18) current_dir: 'D:\workspace\iolua'
2016-09-22 20:59:59.0977 [info] ik (ik.lua:18) start iolua make system ...
2016-09-22 20:59:59.0994 [info] ik (config.lua:18) log_dir: 'D:\workspace\iolua\.iolua'
2016-09-22 20:59:59.0995 [info] ik (config.lua:18) cached_dir: 'D:\workspace\iolua\.iolua'
2016-09-22 20:59:59.0996 [info] ik (config.lua:18) current_dir: 'D:\workspace\iolua'
2016-09-22 21:00:00.0003 [info] ik (config.lua:18) log_dir: 'D:\workspace\iolua\.iolua'
2016-09-22 21:00:00.0004 [info] ik (config.lua:18) cached_dir: 'D:\workspace\iolua\.iolua'
2016-09-22 21:00:00.0004 [info] ik (config.lua:18) current_dir: 'D:\workspace\iolua'
2016-09-22 21:00:13.0038 [info] ik (ik.lua:18) start iolua make system ...
2016-09-22 21:00:13.0046 [info] ik (config.lua:18) log_dir: 'D:\workspace\iolua\.iolua'
2016-09-22 21:00:13.0047 [info] ik (config.lua:18) current_dir: 'D:\workspace\iolua'
2016-09-22 21:00:13.0048 [info] ik (config.lua:18) cached_dir: 'D:\workspace\iolua\.iolua'
2016-09-22 21:00:13.0055 [info] ik (config.lua:18) log_dir: 'D:\workspace\iolua\.iolua'
2016-09-22 21:00:13.0056 [info] ik (config.lua:18) current_dir: 'D:\workspace\iolua'
2016-09-22 21:00:13.0056 [info] ik (config.lua:18) cached_dir: 'D:\workspace\iolua\.iolua'
2016-09-22 21:00:24.0083 [info] ik (ik.lua:18) start iolua make system ...
2016-09-22 21:00:24.0094 [info] ik (config.lua:18) log_dir: 'D:\workspace\iolua\.iolua'
2016-09-22 21:00:24.0094 [info] ik (config.lua:18) current_dir: 'D:\workspace\iolua'
2016-09-22 21:00:24.0095 [info] ik (config.lua:18) cached_dir: 'D:\workspace\iolua\.iolua'
2016-09-22 21:00:24.0104 [info] ik (config.lua:18) log_dir: 'D:\workspace\iolua\.iolua'
2016-09-22 21:00:24.0105 [info] ik (config.lua:18) cached_dir: 'D:\workspace\iolua\.iolua'
2016-09-22 21:00:24.0109 [info] ik (config.lua:18) current_dir: 'D:\workspace\iolua'
2016-09-22 21:01:11.0032 [info] ik (ik.lua:18) start iolua make system ...
2016-09-22 21:01:11.0043 [info] ik (config.lua:18) cached_dir: 'D:\workspace\iolua\.iolua'
2016-09-22 21:01:11.0043 [info] ik (config.lua:18) log_dir: 'D:\workspace\iolua\.iolua'
2016-09-22 21:01:11.0044 [info] ik (config.lua:18) current_dir: 'D:\workspace\iolua'
2016-09-22 21:01:11.0050 [info] ik (config.lua:18) current_dir: 'D:\workspace\iolua'
2016-09-22 21:01:11.0051 [info] ik (config.lua:18) log_dir: 'D:\workspace\iolua\.iolua'
2016-09-22 21:01:11.0052 [info] ik (config.lua:18) cached_dir: 'D:\workspace\iolua\.iolua'
2016-09-22 21:01:13.0351 [info] ik (ik.lua:18) start iolua make system ...
2016-09-22 21:01:13.0362 [info] ik (config.lua:18) log_dir: 'D:\workspace\iolua\.iolua'
2016-09-22 21:01:13.0362 [info] ik (config.lua:18) current_dir: 'D:\workspace\iolua'
2016-09-22 21:01:13.0363 [info] ik (config.lua:18) cached_dir: 'D:\workspace\iolua\.iolua'
2016-09-22 21:01:13.0369 [info] ik (config.lua:18) log_dir: 'D:\workspace\iolua\.iolua'
2016-09-22 21:01:13.0372 [info] ik (config.lua:18) current_dir: 'D:\workspace\iolua'
2016-09-22 21:01:13.0373 [info] ik (config.lua:18) cached_dir: 'D:\workspace\iolua\.iolua'
2016-09-22 21:01:15.0382 [info] ik (ik.lua:18) start iolua make system ...
2016-09-22 21:01:15.0393 [info] ik (config.lua:18) log_dir: 'D:\workspace\iolua\.iolua'
2016-09-22 21:01:15.0394 [info] ik (config.lua:18) current_dir: 'D:\workspace\iolua'
2016-09-22 21:01:15.0395 [info] ik (config.lua:18) cached_dir: 'D:\workspace\iolua\.iolua'
2016-09-22 21:01:15.0401 [info] ik (config.lua:18) log_dir: 'D:\workspace\iolua\.iolua'
2016-09-22 21:01:15.0402 [info] ik (config.lua:18) cached_dir: 'D:\workspace\iolua\.iolua'
2016-09-22 21:01:15.0402 [info] ik (config.lua:18) current_dir: 'D:\workspace\iolua'
2016-09-22 21:01:16.0493 [info] ik (ik.lua:18) start iolua make system ...
2016-09-22 21:01:16.0502 [info] ik (config.lua:18) current_dir: 'D:\workspace\iolua'
2016-09-22 21:01:16.0503 [info] ik (config.lua:18) log_dir: 'D:\workspace\iolua\.iolua'
2016-09-22 21:01:16.0504 [info] ik (config.lua:18) cached_dir: 'D:\workspace\iolua\.iolua'
2016-09-22 21:01:16.0512 [info] ik (config.lua:18) log_dir: 'D:\workspace\iolua\.iolua'
2016-09-22 21:01:16.0513 [info] ik (config.lua:18) cached_dir: 'D:\workspace\iolua\.iolua'
2016-09-22 21:01:16.0514 [info] ik (config.lua:18) current_dir: 'D:\workspace\iolua'
2016-09-22 21:01:47.0123 [info] ik (ik.lua:18) start iolua make system ...
2016-09-22 21:01:47.0134 [info] ik (config.lua:18) log_dir: 'D:\workspace\iolua\.iolua'
2016-09-22 21:01:47.0135 [info] ik (config.lua:18) current_dir: 'D:\workspace\iolua'
2016-09-22 21:01:47.0135 [info] ik (config.lua:18) cached_dir: 'D:\workspace\iolua\.iolua'
2016-09-22 21:01:47.0143 [info] ik (config.lua:18) current_dir: 'D:\workspace\iolua'
2016-09-22 21:01:47.0144 [info] ik (config.lua:18) log_dir: 'D:\workspace\iolua\.iolua'
2016-09-22 21:01:47.0145 [info] ik (config.lua:18) cached_dir: 'D:\workspace\iolua\.iolua'
2016-09-22 21:01:48.0783 [info] ik (ik.lua:18) start iolua make system ...
2016-09-22 21:01:48.0794 [info] ik (config.lua:18) current_dir: 'D:\workspace\iolua'
2016-09-22 21:01:48.0795 [info] ik (config.lua:18) log_dir: 'D:\workspace\iolua\.iolua'
2016-09-22 21:01:48.0796 [info] ik (config.lua:18) cached_dir: 'D:\workspace\iolua\.iolua'
2016-09-22 21:01:48.0805 [info] ik (config.lua:18) log_dir: 'D:\workspace\iolua\.iolua'
2016-09-22 21:01:48.0805 [info] ik (config.lua:18) current_dir: 'D:\workspace\iolua'
2016-09-22 21:01:48.0806 [info] ik (config.lua:18) cached_dir: 'D:\workspace\iolua\.iolua'
2016-09-22 21:01:49.0852 [info] ik (ik.lua:18) start iolua make system ...
2016-09-22 21:01:49.0862 [info] ik (config.lua:18) log_dir: 'D:\workspace\iolua\.iolua'
2016-09-22 21:01:49.0862 [info] ik (config.lua:18) cached_dir: 'D:\workspace\iolua\.iolua'
2016-09-22 21:01:49.0863 [info] ik (config.lua:18) current_dir: 'D:\workspace\iolua'
2016-09-22 21:01:49.0868 [info] ik (config.lua:18) current_dir: 'D:\workspace\iolua'
2016-09-22 21:01:49.0868 [info] ik (config.lua:18) log_dir: 'D:\workspace\iolua\.iolua'
2016-09-22 21:01:49.0869 [info] ik (config.lua:18) cached_dir: 'D:\workspace\iolua\.iolua'
2016-09-22 21:01:51.0124 [info] ik (ik.lua:18) start iolua make system ...
2016-09-22 21:01:51.0131 [info] ik (config.lua:18) current_dir: 'D:\workspace\iolua'
2016-09-22 21:01:51.0132 [info] ik (config.lua:18) log_dir: 'D:\workspace\iolua\.iolua'
2016-09-22 21:01:51.0132 [info] ik (config.lua:18) cached_dir: 'D:\workspace\iolua\.iolua'
2016-09-22 21:01:51.0139 [info] ik (config.lua:18) cached_dir: 'D:\workspace\iolua\.iolua'
2016-09-22 21:01:51.0140 [info] ik (config.lua:18) current_dir: 'D:\workspace\iolua'
2016-09-22 21:01:51.0141 [info] ik (config.lua:18) log_dir: 'D:\workspace\iolua\.iolua'
2016-09-22 21:01:54.0434 [info] ik (ik.lua:18) start iolua make system ...
2016-09-22 21:01:54.0446 [info] ik (config.lua:18) current_dir: 'D:\workspace\iolua'
2016-09-22 21:01:54.0447 [info] ik (config.lua:18) log_dir: 'D:\workspace\iolua\.iolua'
2016-09-22 21:01:54.0447 [info] ik (config.lua:18) cached_dir: 'D:\workspace\iolua\.iolua'
2016-09-22 21:19:43.0062 [info] ik (ik.lua:18) start iolua make system ...
2016-09-22 21:19:43.0069 [info] ik (config.lua:18) log_dir: 'D:\workspace\iolua\.iolua'
2016-09-22 21:19:43.0070 [info] ik (config.lua:18) current_dir: 'D:\workspace\iolua'
2016-09-22 21:19:43.0070 [info] ik (config.lua:18) cached_dir: 'D:\workspace\iolua\.iolua'
2016-09-22 21:21:23.0523 [info] ik (ik.lua:18) start iolua make system ...
2016-09-22 21:21:23.0531 [info] ik (config.lua:18) cached_dir: 'D:\workspace\iolua\.iolua'
2016-09-22 21:21:23.0531 [info] ik (config.lua:18) current_dir: 'D:\workspace\iolua'
2016-09-22 21:21:23.0532 [info] ik (config.lua:18) log_dir: 'D:\workspace\iolua\.iolua'
2016-09-22 21:21:29.0397 [info] ik (ik.lua:18) start iolua make system ...
2016-09-22 21:21:29.0406 [info] ik (config.lua:18) log_dir: 'D:\workspace\iolua\.iolua'
2016-09-22 21:21:29.0406 [info] ik (config.lua:18) cached_dir: 'D:\workspace\iolua\.iolua'
2016-09-22 21:21:29.0407 [info] ik (config.lua:18) current_dir: 'D:\workspace\iolua'
2016-09-22 21:21:56.0481 [info] ik (ik.lua:18) start iolua make system ...
2016-09-22 21:21:56.0488 [info] ik (config.lua:18) current_dir: 'D:\workspace\iolua'
2016-09-22 21:21:56.0489 [info] ik (config.lua:18) log_dir: 'D:\workspace\iolua\.iolua'
2016-09-22 21:21:56.0490 [info] ik (config.lua:18) cached_dir: 'D:\workspace\iolua\.iolua'
2016-09-22 21:23:27.0695 [info] ik (ik.lua:18) start iolua make system ...
2016-09-22 21:23:27.0704 [info] ik (config.lua:18) cached_dir: 'D:\workspace\iolua\.iolua'
2016-09-22 21:23:27.0705 [info] ik (config.lua:18) current_dir: 'D:\workspace\iolua'
2016-09-22 21:23:27.0705 [info] ik (config.lua:18) log_dir: 'D:\workspace\iolua\.iolua'
2016-09-22 21:23:27.0712 [info] ik (config.lua:18) current_dir: 'D:\workspace\iolua'
2016-09-22 21:23:27.0712 [info] ik (config.lua:18) log_dir: 'D:\workspace\iolua\.iolua'
2016-09-22 21:23:27.0713 [info] ik (config.lua:18) cached_dir: 'D:\workspace\iolua\.iolua'
2016-09-22 21:24:01.0716 [info] ik (ik.lua:18) start iolua make system ...
2016-09-22 21:24:01.0727 [info] ik (config.lua:18) log_dir: 'D:\workspace\iolua\.iolua'
2016-09-22 21:24:01.0728 [info] ik (config.lua:18) current_dir: 'D:\workspace\iolua'
2016-09-22 21:24:01.0730 [info] ik (config.lua:18) cached_dir: 'D:\workspace\iolua\.iolua'
2016-09-22 21:24:01.0739 [info] ik (config.lua:18) log_dir: 'D:\workspace\iolua\.iolua'
2016-09-22 21:24:01.0740 [info] ik (config.lua:18) current_dir: 'D:\workspace\iolua'
2016-09-22 21:24:01.0741 [info] ik (config.lua:18) cached_dir: 'D:\workspace\iolua\.iolua'
2016-09-22 21:24:21.0449 [info] ik (ik.lua:18) start iolua make system ...
2016-09-22 21:24:21.0462 [info] ik (config.lua:18) current_dir: 'D:\workspace\iolua'
2016-09-22 21:24:21.0463 [info] ik (config.lua:18) cached_dir: 'D:\workspace\iolua\.iolua'
2016-09-22 21:24:21.0464 [info] ik (config.lua:18) log_dir: 'D:\workspace\iolua\.iolua'
2016-09-22 21:24:21.0471 [info] ik (config.lua:18) log_dir: 'D:\workspace\iolua\.iolua'
2016-09-22 21:24:21.0472 [info] ik (config.lua:18) cached_dir: 'D:\workspace\iolua\.iolua'
2016-09-22 21:24:21.0472 [info] ik (config.lua:18) current_dir: 'D:\workspace\iolua'
2016-09-22 21:24:44.0078 [info] ik (ik.lua:18) start iolua make system ...
2016-09-22 21:24:44.0088 [info] ik (config.lua:18) cached_dir: 'D:\workspace\iolua\.iolua'
2016-09-22 21:24:44.0089 [info] ik (config.lua:18) current_dir: 'D:\workspace\iolua'
2016-09-22 21:24:44.0089 [info] ik (config.lua:18) log_dir: 'D:\workspace\iolua\.iolua'
2016-09-22 21:24:44.0098 [info] ik (config.lua:18) log_dir: 'D:\workspace\iolua\.iolua'
2016-09-22 21:24:44.0099 [info] ik (config.lua:18) current_dir: 'D:\workspace\iolua'
2016-09-22 21:24:44.0099 [info] ik (config.lua:18) cached_dir: 'D:\workspace\iolua\.iolua'
2016-09-22 21:27:35.0225 [info] ik (ik.lua:18) start iolua make system ...
2016-09-22 21:27:35.0235 [info] ik (config.lua:18) cached_dir: 'D:\workspace\iolua\.iolua'
2016-09-22 21:27:35.0236 [info] ik (config.lua:18) log_dir: 'D:\workspace\iolua\.iolua'
2016-09-22 21:27:35.0236 [info] ik (config.lua:18) current_dir: 'D:\workspace\iolua'
2016-09-22 21:27:35.0243 [info] ik (config.lua:18) cached_dir: 'D:\workspace\iolua\.iolua'
2016-09-22 21:27:35.0243 [info] ik (config.lua:18) current_dir: 'D:\workspace\iolua'
2016-09-22 21:27:35.0244 [info] ik (config.lua:18) log_dir: 'D:\workspace\iolua\.iolua'
2016-09-22 21:27:51.0972 [info] ik (ik.lua:18) start iolua make system ...
2016-09-22 21:27:51.0983 [info] ik (config.lua:18) log_dir: 'D:\workspace\iolua\.iolua'
2016-09-22 21:27:51.0984 [info] ik (config.lua:18) current_dir: 'D:\workspace\iolua'
2016-09-22 21:27:51.0985 [info] ik (config.lua:18) cached_dir: 'D:\workspace\iolua\.iolua'
2016-09-22 21:27:51.0994 [info] ik (config.lua:18) current_dir: 'D:\workspace\iolua'
2016-09-22 21:27:51.0995 [info] ik (config.lua:18) log_dir: 'D:\workspace\iolua\.iolua'
2016-09-22 21:27:51.0996 [info] ik (config.lua:18) cached_dir: 'D:\workspace\iolua\.iolua'
2016-09-22 21:28:01.0380 [info] ik (ik.lua:18) start iolua make system ...
2016-09-22 21:28:01.0387 [info] ik (config.lua:18) current_dir: 'D:\workspace\iolua'
2016-09-22 21:28:01.0388 [info] ik (config.lua:18) cached_dir: 'D:\workspace\iolua\.iolua'
2016-09-22 21:28:01.0388 [info] ik (config.lua:18) log_dir: 'D:\workspace\iolua\.iolua'
2016-09-22 21:28:01.0394 [info] ik (config.lua:18) current_dir: 'D:\workspace\iolua'
2016-09-22 21:28:01.0394 [info] ik (config.lua:18) log_dir: 'D:\workspace\iolua\.iolua'
2016-09-22 21:28:01.0395 [info] ik (config.lua:18) cached_dir: 'D:\workspace\iolua\.iolua'
2016-09-22 21:28:01.0398 [info] ik (runner.lua:96) invoke task(install)
2016-09-22 21:31:37.0491 [info] ik (ik.lua:18) start iolua make system ...
2016-09-22 21:31:37.0502 [info] ik (config.lua:18) log_dir: 'D:\workspace\iolua\.iolua'
2016-09-22 21:31:37.0504 [info] ik (config.lua:18) cached_dir: 'D:\workspace\iolua\.iolua'
2016-09-22 21:31:37.0505 [info] ik (config.lua:18) current_dir: 'D:\workspace\iolua'
2016-09-22 21:31:37.0512 [info] ik (config.lua:18) cached_dir: 'D:\workspace\iolua\.iolua'
2016-09-22 21:31:37.0513 [info] ik (config.lua:18) current_dir: 'D:\workspace\iolua'
2016-09-22 21:31:37.0514 [info] ik (config.lua:18) log_dir: 'D:\workspace\iolua\.iolua'
2016-09-22 21:31:58.0599 [info] ik (ik.lua:18) start iolua make system ...
2016-09-22 21:31:58.0610 [info] ik (config.lua:18) cached_dir: 'D:\workspace\iolua\.iolua'
2016-09-22 21:31:58.0611 [info] ik (config.lua:18) current_dir: 'D:\workspace\iolua'
2016-09-22 21:31:58.0612 [info] ik (config.lua:18) log_dir: 'D:\workspace\iolua\.iolua'
2016-09-22 21:31:58.0620 [info] ik (config.lua:18) current_dir: 'D:\workspace\iolua'
2016-09-22 21:31:58.0621 [info] ik (config.lua:18) cached_dir: 'D:\workspace\iolua\.iolua'
2016-09-22 21:31:58.0621 [info] ik (config.lua:18) log_dir: 'D:\workspace\iolua\.iolua'
2016-09-22 21:32:08.0687 [info] ik (ik.lua:18) start iolua make system ...
2016-09-22 21:32:08.0698 [info] ik (config.lua:18) log_dir: 'D:\workspace\iolua\.iolua'
2016-09-22 21:32:08.0699 [info] ik (config.lua:18) cached_dir: 'D:\workspace\iolua\.iolua'
2016-09-22 21:32:08.0700 [info] ik (config.lua:18) current_dir: 'D:\workspace\iolua'
2016-09-22 21:32:08.0708 [info] ik (config.lua:18) log_dir: 'D:\workspace\iolua\.iolua'
2016-09-22 21:32:08.0709 [info] ik (config.lua:18) current_dir: 'D:\workspace\iolua'
2016-09-22 21:32:08.0710 [info] ik (config.lua:18) cached_dir: 'D:\workspace\iolua\.iolua'
2016-09-22 21:32:44.0182 [info] ik (ik.lua:18) start iolua make system ...
2016-09-22 21:32:44.0190 [info] ik (config.lua:18) cached_dir: 'D:\workspace\iolua\.iolua'
2016-09-22 21:32:44.0191 [info] ik (config.lua:18) log_dir: 'D:\workspace\iolua\.iolua'
2016-09-22 21:32:44.0192 [info] ik (config.lua:18) current_dir: 'D:\workspace\iolua'
2016-09-22 21:32:44.0199 [info] ik (config.lua:18) current_dir: 'D:\workspace\iolua'
2016-09-22 21:32:44.0200 [info] ik (config.lua:18) log_dir: 'D:\workspace\iolua\.iolua'
2016-09-22 21:32:44.0200 [info] ik (config.lua:18) cached_dir: 'D:\workspace\iolua\.iolua'
2016-09-22 21:32:44.0205 [info] ik (runner.lua:96) invoke task(install)
2016-09-22 21:33:44.0127 [info] ik (ik.lua:18) start iolua make system ...
2016-09-22 21:33:44.0135 [info] ik (config.lua:18) cached_dir: 'D:\workspace\iolua\.iolua'
2016-09-22 21:33:44.0135 [info] ik (config.lua:18) log_dir: 'D:\workspace\iolua\.iolua'
2016-09-22 21:33:44.0136 [info] ik (config.lua:18) current_dir: 'D:\workspace\iolua'
2016-09-22 21:33:44.0142 [info] ik (config.lua:18) cached_dir: 'D:\workspace\iolua\.iolua'
2016-09-22 21:33:44.0142 [info] ik (config.lua:18) current_dir: 'D:\workspace\iolua'
2016-09-22 21:33:44.0143 [info] ik (config.lua:18) log_dir: 'D:\workspace\iolua\.iolua'
2016-09-22 21:33:44.0147 [info] ik (runner.lua:96) invoke task(install)
2016-09-22 21:33:44.0148 [info] ik (runner.lua:111) invoke task(install) -- success
2016-09-22 21:33:45.0964 [info] ik (ik.lua:18) start iolua make system ...
2016-09-22 21:33:45.0971 [info] ik (config.lua:18) current_dir: 'D:\workspace\iolua'
2016-09-22 21:33:45.0972 [info] ik (config.lua:18) log_dir: 'D:\workspace\iolua\.iolua'
2016-09-22 21:33:45.0972 [info] ik (config.lua:18) cached_dir: 'D:\workspace\iolua\.iolua'
2016-09-22 21:33:45.0976 [info] ik (config.lua:18) log_dir: 'D:\workspace\iolua\.iolua'
2016-09-22 21:33:45.0976 [info] ik (config.lua:18) current_dir: 'D:\workspace\iolua'
2016-09-22 21:33:45.0976 [info] ik (config.lua:18) cached_dir: 'D:\workspace\iolua\.iolua'
2016-09-22 21:33:45.0979 [info] ik (runner.lua:96) invoke task(install)
2016-09-22 21:33:45.0980 [info] ik (runner.lua:111) invoke task(install) -- success
2016-09-22 21:33:46.0880 [info] ik (ik.lua:18) start iolua make system ...
2016-09-22 21:33:46.0887 [info] ik (config.lua:18) current_dir: 'D:\workspace\iolua'
2016-09-22 21:33:46.0888 [info] ik (config.lua:18) log_dir: 'D:\workspace\iolua\.iolua'
2016-09-22 21:33:46.0889 [info] ik (config.lua:18) cached_dir: 'D:\workspace\iolua\.iolua'
2016-09-22 21:33:46.0894 [info] ik (config.lua:18) current_dir: 'D:\workspace\iolua'
2016-09-22 21:33:46.0894 [info] ik (config.lua:18) log_dir: 'D:\workspace\iolua\.iolua'
2016-09-22 21:33:46.0895 [info] ik (config.lua:18) cached_dir: 'D:\workspace\iolua\.iolua'
2016-09-22 21:33:46.0899 [info] ik (runner.lua:96) invoke task(install)
2016-09-22 21:33:46.0900 [info] ik (runner.lua:111) invoke task(install) -- success
2016-09-22 21:33:59.0372 [info] ik (ik.lua:18) start iolua make system ...
2016-09-22 21:33:59.0379 [info] ik (config.lua:18) log_dir: 'D:\workspace\iolua\.iolua'
2016-09-22 21:33:59.0379 [info] ik (config.lua:18) current_dir: 'D:\workspace\iolua'
2016-09-22 21:33:59.0380 [info] ik (config.lua:18) cached_dir: 'D:\workspace\iolua\.iolua'
2016-09-22 21:33:59.0385 [info] ik (config.lua:18) current_dir: 'D:\workspace\iolua'
2016-09-22 21:33:59.0386 [info] ik (config.lua:18) log_dir: 'D:\workspace\iolua\.iolua'
2016-09-22 21:33:59.0387 [info] ik (config.lua:18) cached_dir: 'D:\workspace\iolua\.iolua'
2016-09-22 21:33:59.0401 [info] ik (runner.lua:96) invoke task(install)
2016-09-22 21:33:59.0404 [info] ik (runner.lua:111) invoke task(install) -- success
2016-09-22 21:34:36.0060 [info] ik (ik.lua:18) start iolua make system ...
2016-09-22 21:34:36.0068 [info] ik (config.lua:18) current_dir: 'D:\workspace\iolua'
2016-09-22 21:34:36.0069 [info] ik (config.lua:18) log_dir: 'D:\workspace\iolua\.iolua'
2016-09-22 21:34:36.0069 [info] ik (config.lua:18) cached_dir: 'D:\workspace\iolua\.iolua'
2016-09-22 21:34:36.0075 [info] ik (config.lua:18) cached_dir: 'D:\workspace\iolua\.iolua'
2016-09-22 21:34:36.0075 [info] ik (config.lua:18) current_dir: 'D:\workspace\iolua'
2016-09-22 21:34:36.0076 [info] ik (config.lua:18) log_dir: 'D:\workspace\iolua\.iolua'
2016-09-22 21:34:36.0087 [info] ik (runner.lua:96) invoke task(install)
2016-09-22 21:34:36.0090 [info] ik (runner.lua:111) invoke task(install) -- success
2016-09-22 21:36:55.0680 [info] ik (ik.lua:18) start iolua make system ...
2016-09-22 21:36:55.0689 [info] ik (config.lua:18) current_dir: 'D:\workspace\iolua'
2016-09-22 21:36:55.0690 [info] ik (config.lua:18) cached_dir: 'D:\workspace\iolua\.iolua'
2016-09-22 21:36:55.0690 [info] ik (config.lua:18) log_dir: 'D:\workspace\iolua\.iolua'
2016-09-22 21:36:55.0695 [info] ik (config.lua:18) cached_dir: 'D:\workspace\iolua\.iolua'
2016-09-22 21:36:55.0696 [info] ik (config.lua:18) log_dir: 'D:\workspace\iolua\.iolua'
2016-09-22 21:36:55.0697 [info] ik (config.lua:18) current_dir: 'D:\workspace\iolua'
2016-09-22 21:36:55.0702 [info] ik (runner.lua:96) invoke task(install)
2016-09-22 21:36:55.0703 [info] ik (runner.lua:111) invoke task(install) -- success
2016-09-22 21:37:08.0972 [info] ik (ik.lua:18) start iolua make system ...
2016-09-22 21:37:08.0981 [info] ik (config.lua:18) cached_dir: 'D:\workspace\iolua\.iolua'
2016-09-22 21:37:08.0982 [info] ik (config.lua:18) log_dir: 'D:\workspace\iolua\.iolua'
2016-09-22 21:37:08.0982 [info] ik (config.lua:18) current_dir: 'D:\workspace\iolua'
2016-09-22 21:37:08.0988 [info] ik (config.lua:18) log_dir: 'D:\workspace\iolua\.iolua'
2016-09-22 21:37:08.0988 [info] ik (config.lua:18) cached_dir: 'D:\workspace\iolua\.iolua'
2016-09-22 21:37:08.0989 [info] ik (config.lua:18) current_dir: 'D:\workspace\iolua'
2016-09-22 21:37:33.0694 [info] ik (ik.lua:18) start iolua make system ...
2016-09-22 21:37:33.0703 [info] ik (config.lua:18) log_dir: 'D:\workspace\iolua\.iolua'
2016-09-22 21:37:33.0704 [info] ik (config.lua:18) cached_dir: 'D:\workspace\iolua\.iolua'
2016-09-22 21:37:33.0705 [info] ik (config.lua:18) current_dir: 'D:\workspace\iolua'
2016-09-22 21:37:33.0711 [info] ik (config.lua:18) cached_dir: 'D:\workspace\iolua\.iolua'
2016-09-22 21:37:33.0712 [info] ik (config.lua:18) log_dir: 'D:\workspace\iolua\.iolua'
2016-09-22 21:37:33.0713 [info] ik (config.lua:18) current_dir: 'D:\workspace\iolua'
2016-09-22 21:37:34.0766 [info] ik (ik.lua:18) start iolua make system ...
2016-09-22 21:37:34.0776 [info] ik (config.lua:18) log_dir: 'D:\workspace\iolua\.iolua'
2016-09-22 21:37:34.0777 [info] ik (config.lua:18) current_dir: 'D:\workspace\iolua'
2016-09-22 21:37:34.0777 [info] ik (config.lua:18) cached_dir: 'D:\workspace\iolua\.iolua'
2016-09-22 21:37:34.0783 [info] ik (config.lua:18) cached_dir: 'D:\workspace\iolua\.iolua'
2016-09-22 21:37:34.0783 [info] ik (config.lua:18) current_dir: 'D:\workspace\iolua'
2016-09-22 21:37:34.0784 [info] ik (config.lua:18) log_dir: 'D:\workspace\iolua\.iolua'
2016-09-22 21:58:37.0855 [info] ik (ik.lua:18) start iolua make system ...
2016-09-22 21:58:37.0867 [info] ik (config.lua:18) cached_dir: 'D:\workspace\iolua\.iolua'
2016-09-22 21:58:37.0867 [info] ik (config.lua:18) log_dir: 'D:\workspace\iolua\.iolua'
2016-09-22 21:58:37.0868 [info] ik (config.lua:18) current_dir: 'D:\workspace\iolua'
2016-09-22 21:58:37.0873 [info] ik (config.lua:18) log_dir: 'D:\workspace\iolua\.iolua'
2016-09-22 21:58:37.0874 [info] ik (config.lua:18) cached_dir: 'D:\workspace\iolua\.iolua'
2016-09-22 21:58:37.0875 [info] ik (config.lua:18) current_dir: 'D:\workspace\iolua'
2016-09-22 21:58:37.0878 [info] ik (runner.lua:96) invoke task(install)
2016-09-22 21:58:37.0880 [info] ik (runner.lua:111) invoke task(install) -- success
2016-09-22 21:58:43.0810 [info] ik (ik.lua:18) start iolua make system ...
2016-09-22 21:58:43.0818 [info] ik (config.lua:18) log_dir: 'D:\workspace\iolua\.iolua'
2016-09-22 21:58:43.0819 [info] ik (config.lua:18) current_dir: 'D:\workspace\iolua'
2016-09-22 21:58:43.0820 [info] ik (config.lua:18) cached_dir: 'D:\workspace\iolua\.iolua'
2016-09-22 21:58:43.0825 [info] ik (config.lua:18) log_dir: 'D:\workspace\iolua\.iolua'
2016-09-22 21:58:43.0825 [info] ik (config.lua:18) current_dir: 'D:\workspace\iolua'
2016-09-22 21:58:43.0826 [info] ik (config.lua:18) cached_dir: 'D:\workspace\iolua\.iolua'
2016-09-22 21:58:43.0829 [info] ik (runner.lua:96) invoke task(install)
2016-09-22 21:58:43.0831 [info] ik (runner.lua:111) invoke task(install) -- success
